2022-11-03 17:07:54|   0.0|  0.0|INFORM|Current FME version: FME 2022.1.2.0 (20220831 - Build 22627 - WIN64)
2022-11-03 17:07:54|   0.0|  0.0|INFORM|FME_HOME is 'C:\Program Files\FME\'
2022-11-03 17:07:54|   0.0|  0.0|INFORM|FME Trial Edition (node locked-crc)
2022-11-03 17:07:54|   0.0|  0.0|INFORM|Serial Number: 0
2022-11-03 17:07:54|   0.0|  0.0|INFORM|Temporary License: 8 days left.
2022-11-03 17:07:54|   0.0|  0.0|INFORM|Machine host name is: DESKTOP-9FP8R1P
2022-11-03 17:07:54|   0.0|  0.0|INFORM|OS Locale Name     : en_CA
2022-11-03 17:07:54|   0.0|  0.0|INFORM|OS Locale Encoding : windows-1252
2022-11-03 17:07:54|   0.0|  0.0|INFORM|Process Encoding   : UTF-8
2022-11-03 17:07:54|   0.0|  0.0|INFORM|FME API version: '4.0 20220615'
2022-11-03 17:07:54|   0.0|  0.0|INFORM|FME Configuration: FME_BASE is 'no'
2022-11-03 17:07:54|   0.0|  0.0|INFORM|FME Configuration: FME_MF_DIR is 'C:\Users\mason\OneDrive\Documents\FME\Workspaces/'
2022-11-03 17:07:54|   0.0|  0.0|INFORM|FME Configuration: FME_MF_NAME is 'weather.fmw'
2022-11-03 17:07:54|   0.0|  0.0|INFORM|FME Configuration: FME_PRODUCT_NAME is 'FME(R) 2022.1.2.0'
2022-11-03 17:07:54|   0.0|  0.0|INFORM|Operating System: Microsoft Windows 11 64-bit  (Build 22000)
2022-11-03 17:07:54|   0.0|  0.0|INFORM|FME Platform: WIN64
2022-11-03 17:07:54|   0.0|  0.0|INFORM|System Status: 53.89 GB of disk space available in the FME temporary folder (C:\Users\mason\AppData\Local\Temp\wbrun_1667520056652_19804\fmetmp_7)
2022-11-03 17:07:54|   0.0|  0.0|INFORM|System Status: 15.71 GB of physical memory available
2022-11-03 17:07:54|   0.0|  0.0|INFORM|System Status: 62.85 GB of virtual memory available
2022-11-03 17:07:54|   0.0|  0.0|INFORM|START - ProcessID: 2880, peak process memory usage: 50296 kB, current process memory usage: 50296 kB
2022-11-03 17:07:54|   0.0|  0.0|INFORM|FME Configuration: Command line arguments are `C:\Program Files\FME\fme.exe' `C:/Users/mason/OneDrive/Documents/FME/Workspaces\wb-xlate-1667520472350_19804' `LOG_STANDARDOUT' `YES' `LOG_TIMINGS' `YES' `LogCountServerName' `55231' `LOG_STANDARDOUT' `No' `WORKBENCH_LOG_SERVER' `52230'
2022-11-03 17:07:54|   0.0|  0.0|INFORM|FME Configuration: Connection Storage: 'C:\Users\mason\AppData\Roaming\Safe Software\FME\'
2022-11-03 17:07:55|   0.0|  0.0|INFORM|Shared folders for formats are : C:\Program Files\FME\datasources;C:\Users\mason\OneDrive\Documents\FME\Formats
2022-11-03 17:07:55|   0.0|  0.0|INFORM|Shared folders for transformers are : C:\Users\mason\AppData\Roaming\Safe Software\FME\Packages\22627-win64\transformers;C:\Program Files\FME\transformers
2022-11-03 17:07:55|   0.0|  0.0|INFORM|Shared folders for coordinate systems are : C:\Users\mason\OneDrive\Documents\FME\CoordinateSystems
2022-11-03 17:07:55|   0.0|  0.0|INFORM|Shared folders for coordinate system exceptions are : C:\Users\mason\OneDrive\Documents\FME\CoordinateSystemExceptions
2022-11-03 17:07:55|   0.0|  0.0|INFORM|Shared folders for coordinate system grid overrides are : C:\Users\mason\OneDrive\Documents\FME\CoordinateSystemGridOverrides
2022-11-03 17:07:55|   0.0|  0.0|INFORM|Shared folders for CS-MAP transformation exceptions are : C:\Users\mason\OneDrive\Documents\FME\CsmapTransformationExceptions
2022-11-03 17:07:55|   0.0|  0.0|INFORM|Shared folders for transformer categories are : C:\Users\mason\OneDrive\Documents\FME\TransformerCategories
2022-11-03 17:07:55|   0.0|  0.0|INFORM|FME Configuration: Reader Keyword is `MULTI_READER'
2022-11-03 17:07:55|   0.0|  0.0|INFORM|FME Configuration: Writer Keyword is `MULTI_WRITER'
2022-11-03 17:07:55|   0.0|  0.0|INFORM|FME Configuration: Writer Group Definition Keyword is `MULTI_WRITER_DEF'
2022-11-03 17:07:55|   0.0|  0.0|INFORM|FME Configuration: Reader type is `MULTI_READER'
2022-11-03 17:07:55|   0.0|  0.0|INFORM|FME Configuration: Writer type is `MULTI_WRITER'
2022-11-03 17:07:55|   0.0|  0.0|INFORM|FME Configuration: No destination coordinate system set
2022-11-03 17:07:55|   0.0|  0.0|INFORM|FME Configuration: Current working folder is `C:\Users\mason\OneDrive\Documents\FME\Workspaces'
2022-11-03 17:07:55|   0.0|  0.0|INFORM|FME Configuration: Temporary folder is `C:\Users\mason\AppData\Local\Temp\wbrun_1667520056652_19804\fmetmp_7', set from environment variable `FME_TEMP'
2022-11-03 17:07:55|   0.0|  0.0|INFORM|FME Configuration: Cache folder is 'C:\Users\mason\AppData\Local\Temp'
2022-11-03 17:07:55|   0.0|  0.0|INFORM|FME Configuration: FME_HOME is `C:\Program Files\FME\'
2022-11-03 17:07:55|   0.0|  0.0|INFORM|FME Configuration: Start freeing memory when the process exceeds 47.14 GB
2022-11-03 17:07:55|   0.0|  0.0|INFORM|FME Configuration: Stop freeing memory when the process is below 35.36 GB
2022-11-03 17:07:55|   0.0|  0.0|INFORM|Creating writer for format: 
2022-11-03 17:07:55|   0.0|  0.0|INFORM|Creating reader for format: 
2022-11-03 17:07:55|   0.0|  0.0|INFORM|MULTI_READER(MULTI_READER): Will fail with first member reader failure
2022-11-03 17:07:55|   0.0|  0.0|INFORM|Using Multi Reader with keyword `MULTI_READER' to read multiple datasets
2022-11-03 17:07:55|   0.0|  0.0|INFORM|Using MultiWriter with keyword `MULTI_WRITER' to output data (ID_ATTRIBUTE is `multi_writer_id')
2022-11-03 17:07:55|   0.0|  0.0|INFORM|Writer output will be ordered by value of multi_writer_id
2022-11-03 17:07:55|   0.0|  0.0|INFORM|Loaded module 'LogCount_func' from file 'C:\Program Files\FME\plugins/LogCount_func.dll'
2022-11-03 17:07:55|   0.0|  0.0|INFORM|FME API version of module 'LogCount_func' matches current internal version (4.0 20220615)
2022-11-03 17:07:55|   0.1|  0.1|INFORM|Loaded module 'JSONQueryFactory' from file 'C:\Program Files\FME\plugins/JSONQueryFactory.dll'
2022-11-03 17:07:55|   0.1|  0.0|INFORM|FME API version of module 'JSONQueryFactory' matches current internal version (4.0 20220615)
2022-11-03 17:07:55|   0.1|  0.0|INFORM|Emptying factory pipeline
2022-11-03 17:07:55|   0.1|  0.0|STATS |Restoring 1 feature(s) from FME feature store file `C:\Users\mason\AppData\Local\Temp\wb-cache-weather-EQTrVY\Main_HTTPCaller -1 3 fo 0 Output  0  8b5fa09030c0458ed29bc25a8290f741e7dafe45.ffs'
2022-11-03 17:07:55|   0.1|  0.0|STATS |Destination Feature Type Routing Correlator (RoutingFactory): Tested 23 input feature(s), wrote 23 output feature(s): 0 matched merge filters, 23 were routed to output, 0 could not be routed.
2022-11-03 17:07:55|   0.1|  0.0|STATS |Final Output Nuker (TeeFactory): Cloned 0 input feature(s) into 0 output feature(s)
2022-11-03 17:07:55|   0.1|  0.0|INFORM|MULTI_WRITER: multi_writer_id `2': Started outputting features
2022-11-03 17:07:55|   0.1|  0.0|INFORM|Creating writer for format: Microsoft Excel
2022-11-03 17:07:55|   0.1|  0.0|INFORM|Trying to find a DYNAMIC plugin for writer named `XLSXW'
2022-11-03 17:07:55|   0.2|  0.1|INFORM|Loaded module 'XLSXW' from file 'C:\Program Files\FME\plugins/xlsx.dll'
2022-11-03 17:07:55|   0.2|  0.0|INFORM|FME API version of module 'xlsx' matches current internal version (4.0 20220615)
2022-11-03 17:07:55|   0.2|  0.0|INFORM|FME Configuration: No destination coordinate system set
2022-11-03 17:07:55|   0.2|  0.0|INFORM|Writer `XLSXW_3' of type `XLSXW' using group definition keyword `XLSXW_3_DEF'
2022-11-03 17:07:55|   0.2|  0.0|INFORM|Excel Writer: Use Attribute Names As Column Positions is set to 'no' for sheet 'current' in dataset 'C:\Users\mason\Desktop\weather.xlsx' 
2022-11-03 17:07:55|   0.2|  0.0|INFORM|Excel Writer: Opening dataset 'C:\Users\mason\Desktop\weather.xlsx'...
2022-11-03 17:07:55|   0.2|  0.0|INFORM|Excel Writer: Reading existing workbook formatting. Workbook contains 1 fonts and 1 cell formats
2022-11-03 17:07:55|   0.2|  0.0|INFORM|Excel Writer: Sheet 'current' has writer mode 'INSERT'
2022-11-03 17:07:55|   0.2|  0.0|INFORM|Excel Writer: Sheet 'current' has Output field names set to 'yes'
2022-11-03 17:07:55|   0.2|  0.0|INFORM|Excel Writer: Sheet 'current' will start writing to row '1' and column 'A' relative to its start location. Sheets have a starting location of row 1, column 1, named range starting locations can be specified
2022-11-03 17:07:55|   0.2|  0.0|INFORM|Excel Writer: Outputting field names for sheet 'current'
2022-11-03 17:07:55|   0.2|  0.0|INFORM|Excel Writer: Saving changes to dataset 'C:\Users\mason\Desktop\weather.xlsx'
2022-11-03 17:07:55|   0.2|  0.0|INFORM|Excel Writer: Workbook contains 1 fonts and 1 cell formats after writing
2022-11-03 17:07:55|   0.2|  0.0|INFORM|Excel Writer: Closing dataset 'C:\Users\mason\Desktop\weather.xlsx'...
2022-11-03 17:07:55|   0.2|  0.0|INFORM|=-=-=-=-=-=-=-=-=-=-=-=-=-=-=-=-=-=-=-=-=-=-=-=-=-=-=-=-=-=-=-=-=-=-=-=-=-=-=-
2022-11-03 17:07:55|   0.2|  0.0|INFORM|Feature output statistics for `XLSXW' writer using keyword `XLSXW_3':
2022-11-03 17:07:55|   0.2|  0.0|STATS |=-=-=-=-=-=-=-=-=-=-=-=-=-=-=-=-=-=-=-=-=-=-=-=-=-=-=-=-=-=-=-=-=-=-=-=-=-=-=-
2022-11-03 17:07:55|   0.2|  0.0|STATS |                               Features Written
2022-11-03 17:07:55|   0.2|  0.0|STATS |=-=-=-=-=-=-=-=-=-=-=-=-=-=-=-=-=-=-=-=-=-=-=-=-=-=-=-=-=-=-=-=-=-=-=-=-=-=-=-
2022-11-03 17:07:55|   0.2|  0.0|STATS |current                                                                     23
2022-11-03 17:07:55|   0.2|  0.0|STATS |==============================================================================
2022-11-03 17:07:55|   0.2|  0.0|STATS |Total Features Written                                                      23
2022-11-03 17:07:55|   0.2|  0.0|STATS |=-=-=-=-=-=-=-=-=-=-=-=-=-=-=-=-=-=-=-=-=-=-=-=-=-=-=-=-=-=-=-=-=-=-=-=-=-=-=-
2022-11-03 17:07:55|   0.2|  0.0|INFORM|MULTI_WRITER: multi_writer_id `2': done writing 23 feature(s) 
2022-11-03 17:07:55|   0.2|  0.0|INFORM|^^^^^^^^^^^^^^^^^^^^^^^^^^^^^^^^^^^^^^^^^^^^^^^^^^^^^^^^^^^^^^^^^^^^^^^^^^^^^^
2022-11-03 17:07:55|   0.2|  0.0|STATS |=-=-=-=-=-=-=-=-=-=-=-=-=-=-=-=-=-=-=-=-=-=-=-=-=-=-=-=-=-=-=-=-=-=-=-=-=-=-=-
2022-11-03 17:07:55|   0.2|  0.0|STATS |                            Features Read Summary
2022-11-03 17:07:55|   0.2|  0.0|STATS |=-=-=-=-=-=-=-=-=-=-=-=-=-=-=-=-=-=-=-=-=-=-=-=-=-=-=-=-=-=-=-=-=-=-=-=-=-=-=-
2022-11-03 17:07:55|   0.2|  0.0|STATS |==============================================================================
2022-11-03 17:07:55|   0.2|  0.0|STATS |Total Features Read                                                          0
2022-11-03 17:07:55|   0.2|  0.0|STATS |=-=-=-=-=-=-=-=-=-=-=-=-=-=-=-=-=-=-=-=-=-=-=-=-=-=-=-=-=-=-=-=-=-=-=-=-=-=-=-
2022-11-03 17:07:55|   0.2|  0.0|STATS |=-=-=-=-=-=-=-=-=-=-=-=-=-=-=-=-=-=-=-=-=-=-=-=-=-=-=-=-=-=-=-=-=-=-=-=-=-=-=-
2022-11-03 17:07:55|   0.2|  0.0|STATS |                           Features Written Summary
2022-11-03 17:07:55|   0.2|  0.0|STATS |=-=-=-=-=-=-=-=-=-=-=-=-=-=-=-=-=-=-=-=-=-=-=-=-=-=-=-=-=-=-=-=-=-=-=-=-=-=-=-
2022-11-03 17:07:55|   0.2|  0.0|STATS |current                                                                     23
2022-11-03 17:07:55|   0.2|  0.0|STATS |==============================================================================
2022-11-03 17:07:55|   0.2|  0.0|STATS |Total Features Written                                                      23
2022-11-03 17:07:55|   0.2|  0.0|STATS |=-=-=-=-=-=-=-=-=-=-=-=-=-=-=-=-=-=-=-=-=-=-=-=-=-=-=-=-=-=-=-=-=-=-=-=-=-=-=-
2022-11-03 17:07:55|   0.2|  0.0|WARN  |-~-~-~-~-~-~-~-~-~-~-~-~-~-~-~-~-~-~-~-~-~-~-~-~-~-~-~-~-~-~-~-~-~-~-~-~-~-~-~-~-
2022-11-03 17:07:55|   0.2|  0.0|WARN  |-~                                                                             ~-
2022-11-03 17:07:55|   0.2|  0.0|WARN  |-~    Feature caches have been recorded at every stage of the translation.     ~-
2022-11-03 17:07:55|   0.2|  0.0|WARN  |-~                      To inspect the recorded features,                      ~-
2022-11-03 17:07:55|   0.2|  0.0|WARN  |-~              click the feature cache icons next to the ports.               ~-
2022-11-03 17:07:55|   0.2|  0.0|WARN  |-~                                                                             ~-
2022-11-03 17:07:55|   0.2|  0.0|WARN  |-~-~-~-~-~-~-~-~-~-~-~-~-~-~-~-~-~-~-~-~-~-~-~-~-~-~-~-~-~-~-~-~-~-~-~-~-~-~-~-~-
2022-11-03 17:07:55|   0.2|  0.0|INFORM|Translation was SUCCESSFUL with 7 warning(s) (23 feature(s) output)
2022-11-03 17:07:55|   0.2|  0.0|INFORM|FME Session Duration: 0.3 seconds. (CPU: 0.1s user, 0.1s system)
2022-11-03 17:07:55|   0.2|  0.0|INFORM|END - ProcessID: 2880, peak process memory usage: 63008 kB, current process memory usage: 63008 kB
